<?xml version="1.0" encoding="UTF-8"?>
<!-- Generated by org.testng.reporters.JUnitXMLReporter -->
<testsuite ignored="0" hostname="Confluxsyss-Mac-mini.local" failures="0" tests="5" name="MiniProject" time="0.839" errors="0" timestamp="2022-08-01T17:28:03 IST">
  <testcase classname="test.crud.ConnectToDataBase" name="createTable" time="0.019"/>
  <testcase classname="test.crud.ConnectToDataBase" name="testCaseOne" time="0.002"/>
  <testcase classname="test.crud.ConnectToDataBase" name="insertData" time="0.015"/>
  <testcase classname="test.crud.ConnectToDataBase" name="fetchData" time="0.023"/>
  <testcase classname="test.crud.ConnectToDataBase" name="getData" time="0.049"/>
</testsuite> <!-- MiniProject -->
