<?xml version="1.0" encoding="UTF-8"?>
<testng-results ignored="0" total="5" passed="5" failed="0" skipped="0">
  <reporter-output>
  </reporter-output>
  <suite started-at="2022-08-01T17:28:02 IST" name="Default Suite" finished-at="2022-08-01T17:28:02 IST" duration-ms="839">
    <groups>
    </groups>
    <test started-at="2022-08-01T17:28:02 IST" name="MiniProject" finished-at="2022-08-01T17:28:02 IST" duration-ms="839">
      <class name="test.crud.ConnectToDataBase">
        <test-method is-config="true" signature="setUp()[pri:0, instance:test.crud.ConnectToDataBase@76a36b71]" started-at="2022-08-01T17:28:02 IST" name="setUp" finished-at="2022-08-01T17:28:02 IST" duration-ms="622" status="PASS">
          <reporter-output>
          </reporter-output>
        </test-method> <!-- setUp -->
        <test-method signature="createTable()[pri:0, instance:test.crud.ConnectToDataBase@76a36b71]" started-at="2022-08-01T17:28:02 IST" name="createTable" finished-at="2022-08-01T17:28:02 IST" duration-ms="19" status="PASS">
          <reporter-output>
          </reporter-output>
        </test-method> <!-- createTable -->
        <test-method signature="testCaseOne()[pri:0, instance:test.crud.ConnectToDataBase@76a36b71]" started-at="2022-08-01T17:28:02 IST" name="testCaseOne" finished-at="2022-08-01T17:28:02 IST" duration-ms="2" status="PASS">
          <reporter-output>
          </reporter-output>
        </test-method> <!-- testCaseOne -->
        <test-method signature="insertData()[pri:0, instance:test.crud.ConnectToDataBase@76a36b71]" started-at="2022-08-01T17:28:02 IST" name="insertData" finished-at="2022-08-01T17:28:02 IST" depends-on-methods="test.crud.ConnectToDataBase.createTable" duration-ms="15" status="PASS">
          <reporter-output>
          </reporter-output>
        </test-method> <!-- insertData -->
        <test-method signature="fetchData()[pri:0, instance:test.crud.ConnectToDataBase@76a36b71]" started-at="2022-08-01T17:28:02 IST" name="fetchData" finished-at="2022-08-01T17:28:02 IST" depends-on-methods="test.crud.ConnectToDataBase.insertData" duration-ms="23" status="PASS">
          <reporter-output>
          </reporter-output>
        </test-method> <!-- fetchData -->
        <test-method signature="getData()[pri:0, instance:test.crud.ConnectToDataBase@76a36b71]" started-at="2022-08-01T17:28:02 IST" name="getData" finished-at="2022-08-01T17:28:02 IST" depends-on-methods="test.crud.ConnectToDataBase.fetchData" duration-ms="49" status="PASS">
          <reporter-output>
          </reporter-output>
        </test-method> <!-- getData -->
        <test-method is-config="true" signature="tearDown()[pri:0, instance:test.crud.ConnectToDataBase@76a36b71]" started-at="2022-08-01T17:28:02 IST" name="tearDown" finished-at="2022-08-01T17:28:02 IST" duration-ms="4" status="PASS">
          <reporter-output>
          </reporter-output>
        </test-method> <!-- tearDown -->
      </class> <!-- test.crud.ConnectToDataBase -->
    </test> <!-- MiniProject -->
  </suite> <!-- Default Suite -->
</testng-results>
